#
# A fatal error has been detected by the Java Runtime Environment:
#
#  EXCEPTION_ACCESS_VIOLATION (0xc0000005) at pc=0x00007ff8311e7db0, pid=11932, tid=12476
#
# JRE version: OpenJDK Runtime Environment (11.0.10) (build 11.0.10+0-b96-7249189)
# Java VM: OpenJDK 64-Bit Server VM (11.0.10+0-b96-7249189, mixed mode, tiered, compressed oops, g1 gc, windows-amd64)
# Problematic frame:
# V  [jvm.dll+0x357db0]
#
# No core dump will be written. Minidumps are not enabled by default on client versions of Windows
#
# If you would like to submit a bug report, please visit:
#   https://bugreport.java.com/bugreport/crash.jsp
#

---------------  S U M M A R Y ------------

Command Line: --add-opens=java.base/java.util=ALL-UNNAMED --add-opens=java.base/java.lang=ALL-UNNAMED --add-opens=java.base/java.lang.invoke=ALL-UNNAMED --add-opens=java.base/java.util=ALL-UNNAMED --add-opens=java.prefs/java.util.prefs=ALL-UNNAMED --add-opens=java.prefs/java.util.prefs=ALL-UNNAMED --add-opens=java.base/java.nio.charset=ALL-UNNAMED --add-opens=java.base/java.net=ALL-UNNAMED --add-opens=java.base/java.util.concurrent.atomic=ALL-UNNAMED -Xmx2048m -Dfile.encoding=UTF-8 -Duser.country=US -Duser.language=en -Duser.variant org.gradle.launcher.daemon.bootstrap.GradleDaemon 7.0.2

Host: Intel(R) Core(TM) i7-3537U CPU @ 2.00GHz, 4 cores, 7G,  Windows 10 , 64 bit Build 19041 (10.0.19041.1503)
Time: Tue Feb 15 14:53:20 2022 Greenwich Standard Time elapsed time: 34.465416 seconds (0d 0h 0m 34s)

---------------  T H R E A D  ---------------

Current thread (0x000001e7a0dd1000):  JavaThread "C2 CompilerThread0" daemon [_thread_in_native, id=12476, stack(0x0000003ceaa00000,0x0000003ceab00000)]


Current CompileTask:
C2:  34465 4801       4       groovyjarjarantlr4.v4.runtime.atn.LexerATNSimulator::closure (258 bytes)

Stack: [0x0000003ceaa00000,0x0000003ceab00000],  sp=0x0000003ceaafbf70,  free space=1007k
Native frames: (J=compiled Java code, j=interpreted, Vv=VM code, C=native code)
V  [jvm.dll+0x357db0]
V  [jvm.dll+0x351260]
V  [jvm.dll+0x198049]
V  [jvm.dll+0x1fb70e]
V  [jvm.dll+0x1fa7f4]
V  [jvm.dll+0x18354c]
V  [jvm.dll+0x208ee7]
V  [jvm.dll+0x207731]
V  [jvm.dll+0x6eb1cf]
V  [jvm.dll+0x6e3d45]
V  [jvm.dll+0x5ebe96]
C  [ucrtbase.dll+0x21bb2]
C  [KERNEL32.DLL+0x17034]
C  [ntdll.dll+0x52651]


siginfo: EXCEPTION_ACCESS_VIOLATION (0xc0000005), reading address 0x00007f7831887c38


Register to memory mapping:

RIP=0x00007ff8311e7db0 jvm.dll
RAX=0x00007f7831887c38 is an unknown value
RBX=0x0000000000000028 is an unknown value
RCX=0x0000000000000002 is an unknown value
RDX=0x0 is NULL
RSP=0x0000003ceaafbf70 is pointing into the stack for thread: 0x000001e7a0dd1000
RBP=0x0000000000000008 is an unknown value
RSI=0x00007ff831887c38 jvm.dll
RDI=0x000001e7a0da39f0 points into unknown readable memory: 0x000001e7a0dcf770 | 70 f7 dc a0 e7 01 00 00
R8 =0x000001e7a8d756f0 points into unknown readable memory: 0x0000000000000014 | 14 00 00 00 00 00 00 00
R9 =0x0000003ceaafbfc0 is pointing into the stack for thread: 0x000001e7a0dd1000
R10=0x0000000000000005 is an unknown value
R11=0x0000003ceaafbed0 is pointing into the stack for thread: 0x000001e7a0dd1000
R12=0x00007ff830e90000 jvm.dll
R13=0x0000000000000008 is an unknown value
R14=0x0000000000000011 is an unknown value
R15=0x00007ff831887c38 jvm.dll


Registers:
RAX=0x00007f7831887c38, RBX=0x0000000000000028, RCX=0x0000000000000002, RDX=0x0000000000000000
RSP=0x0000003ceaafbf70, RBP=0x0000000000000008, RSI=0x00007ff831887c38, RDI=0x000001e7a0da39f0
R8 =0x000001e7a8d756f0, R9 =0x0000003ceaafbfc0, R10=0x0000000000000005, R11=0x0000003ceaafbed0
R12=0x00007ff830e90000, R13=0x0000000000000008, R14=0x0000000000000011, R15=0x00007ff831887c38
RIP=0x00007ff8311e7db0, EFLAGS=0x0000000000010246

Top of Stack: (sp=0x0000003ceaafbf70)
0x0000003ceaafbf70:   0000000000000000 0000000000000000
0x0000003ceaafbf80:   000001e7a0dcf778 000001e7a0dc3400
0x0000003ceaafbf90:   00000000000027f1 00007ff8311e1260
0x0000003ceaafbfa0:   000001e7a8cfea50 0000003ceaafc0e0
0x0000003ceaafbfb0:   00000000000027f1 00007ff8316bcb70
0x0000003ceaafbfc0:   0000000000000000 000001e700000008
0x0000003ceaafbfd0:   00007f7831887c38 0000000000000000
0x0000003ceaafbfe0:   000001e7a58df1b0 000001e70000002a
0x0000003ceaafbff0:   000001e7a8d756f0 0000003ceaafc568
0x0000003ceaafc000:   000001e7a4d4cff0 0000000000000000
0x0000003ceaafc010:   0000003ceaafc120 00007ff831028049
0x0000003ceaafc020:   0000003ceaafc480 0000003ceaafc568
0x0000003ceaafc030:   00000000000003d8 000001e7a4d4d000
0x0000003ceaafc040:   000000000000ae00 0000000000000000
0x0000003ceaafc050:   0000003c00000006 000001e7a4d4cff0
0x0000003ceaafc060:   000001e7a51df840 000001e7a51e2b50 

Instructions: (pc=0x00007ff8311e7db0)
0x00007ff8311e7cb0:   58 4c 8b 64 24 50 48 8b c3 48 83 c4 20 41 5f 5f
0x00007ff8311e7cc0:   5e 5d 5b c3 cc cc cc cc cc cc cc cc cc cc cc cc
0x00007ff8311e7cd0:   83 3a 00 4c 8b c2 c7 41 08 08 00 00 00 75 16 33
0x00007ff8311e7ce0:   d2 c7 41 18 01 00 00 00 89 11 48 8b c1 c7 41 28
0x00007ff8311e7cf0:   01 00 00 00 c3 33 d2 48 89 11 89 51 18 41 8b 80
0x00007ff8311e7d00:   90 00 00 00 89 41 28 48 89 51 10 49 8b 40 08 48
0x00007ff8311e7d10:   89 41 20 48 8b c1 4c 89 41 30 c3 cc cc cc cc cc
0x00007ff8311e7d20:   48 83 ec 28 8b 51 08 4c 8b c9 83 fa 08 73 18 4c
0x00007ff8311e7d30:   8b 41 10 8b c2 41 83 3c 80 00 0f 85 0d 01 00 00
0x00007ff8311e7d40:   ff c2 83 fa 08 72 ec 44 8b 51 18 48 89 5c 24 30
0x00007ff8311e7d50:   48 89 6c 24 38 48 89 74 24 40 48 89 7c 24 20 44
0x00007ff8311e7d60:   3b 51 28 0f 83 b9 00 00 00 8b 0d 0d ba 6d 00 48
0x00007ff8311e7d70:   8d 35 c2 fe 69 00 65 48 8b 04 25 58 00 00 00 bd
0x00007ff8311e7d80:   08 00 00 00 48 8d 3c c8 0f 1f 84 00 00 00 00 00
0x00007ff8311e7d90:   41 8b c2 48 8d 1c c5 00 00 00 00 49 8b 41 20 48
0x00007ff8311e7da0:   8b 04 03 48 3b c6 74 6d 49 89 41 10 33 d2 66 90
0x00007ff8311e7db0:   83 38 00 0f 85 c3 00 00 00 ff c2 48 83 c0 04 83
0x00007ff8311e7dc0:   fa 08 72 ec 4d 8b 59 30 4d 85 db 74 48 49 8b 43
0x00007ff8311e7dd0:   08 8b d5 48 03 17 4c 8b 04 03 48 8b 02 48 8b 88
0x00007ff8311e7de0:   d0 04 00 00 48 8b 81 88 00 00 00 48 8b 88 88 08
0x00007ff8311e7df0:   00 00 49 89 08 48 8b 02 48 8b 88 d0 04 00 00 48
0x00007ff8311e7e00:   8b 81 88 00 00 00 4c 89 80 88 08 00 00 49 8b 43
0x00007ff8311e7e10:   08 48 89 34 03 41 ff c2 45 3b 51 28 0f 82 6e ff
0x00007ff8311e7e20:   ff ff 41 8b 41 28 41 89 41 18 33 c0 41 c7 41 08
0x00007ff8311e7e30:   08 00 00 00 48 8b 74 24 40 48 8b 6c 24 38 48 8b
0x00007ff8311e7e40:   5c 24 30 48 8b 7c 24 20 48 83 c4 28 c3 8b 41 18
0x00007ff8311e7e50:   8d 0c c2 8b c2 c1 e1 05 81 e9 00 01 00 00 41 89
0x00007ff8311e7e60:   49 04 41 8b 0c 80 8d 42 01 41 89 09 49 8b c9 41
0x00007ff8311e7e70:   89 41 08 48 83 c4 28 e9 a4 33 e4 ff 42 8d 04 d2
0x00007ff8311e7e80:   c1 e0 05 41 89 41 04 49 8b 41 10 8b 0c 90 41 8d
0x00007ff8311e7e90:   42 01 41 89 41 18 8d 42 01 41 89 09 49 8b c9 41
0x00007ff8311e7ea0:   89 41 08 e8 78 33 e4 ff eb 8a cc cc cc cc cc cc 


Stack slot to memory mapping:
stack at sp + 0 slots: 0x0 is NULL
stack at sp + 1 slots: 0x0 is NULL
stack at sp + 2 slots: 0x000001e7a0dcf778 points into unknown readable memory: 0x000001e7a0dd1000 | 00 10 dd a0 e7 01 00 00
stack at sp + 3 slots: 0x000001e7a0dc3400 points into unknown readable memory: 0x000001e7a0dcb000 | 00 b0 dc a0 e7 01 00 00
stack at sp + 4 slots: 0x00000000000027f1 is an unknown value
stack at sp + 5 slots: 0x00007ff8311e1260 jvm.dll
stack at sp + 6 slots: 0x000001e7a8cfea50 points into unknown readable memory: 0x0000000000000123 | 23 01 00 00 00 00 00 00
stack at sp + 7 slots: 0x0000003ceaafc0e0 is pointing into the stack for thread: 0x000001e7a0dd1000


---------------  P R O C E S S  ---------------

Threads class SMR info:
_java_thread_list=0x000001e7a4eab8e0, length=35, elements={
0x000001e78526e800, 0x000001e7a0db0000, 0x000001e7a0db3000, 0x000001e7a0dcb000,
0x000001e7a0dcc000, 0x000001e7a0dcd000, 0x000001e7a0dd1000, 0x000001e7a0dfc800,
0x000001e7a1791000, 0x000001e7a187f000, 0x000001e7a2725800, 0x000001e7a1963000,
0x000001e7a2fdd000, 0x000001e7a31cb800, 0x000001e7a356c800, 0x000001e7a300c000,
0x000001e7a2eea800, 0x000001e7a3032800, 0x000001e7a3715800, 0x000001e7a316e000,
0x000001e7a316b800, 0x000001e7a316a800, 0x000001e7a316d000, 0x000001e7a316c000,
0x000001e7a316e800, 0x000001e7a316f800, 0x000001e7a316a000, 0x000001e7a3170800,
0x000001e7a2a38800, 0x000001e7a2a37800, 0x000001e7a2a36800, 0x000001e7a2a39000,
0x000001e7a2a3a000, 0x000001e7a2a36000, 0x000001e7a2a35000
}

Java Threads: ( => current thread )
  0x000001e78526e800 JavaThread "main" [_thread_blocked, id=8712, stack(0x0000003ce9d00000,0x0000003ce9e00000)]
  0x000001e7a0db0000 JavaThread "Reference Handler" daemon [_thread_blocked, id=16040, stack(0x0000003cea500000,0x0000003cea600000)]
  0x000001e7a0db3000 JavaThread "Finalizer" daemon [_thread_blocked, id=12544, stack(0x0000003cea600000,0x0000003cea700000)]
  0x000001e7a0dcb000 JavaThread "Signal Dispatcher" daemon [_thread_blocked, id=12568, stack(0x0000003cea700000,0x0000003cea800000)]
  0x000001e7a0dcc000 JavaThread "Attach Listener" daemon [_thread_blocked, id=12572, stack(0x0000003cea800000,0x0000003cea900000)]
  0x000001e7a0dcd000 JavaThread "Service Thread" daemon [_thread_blocked, id=12580, stack(0x0000003cea900000,0x0000003ceaa00000)]
=>0x000001e7a0dd1000 JavaThread "C2 CompilerThread0" daemon [_thread_in_native, id=12476, stack(0x0000003ceaa00000,0x0000003ceab00000)]
  0x000001e7a0dfc800 JavaThread "C1 CompilerThread0" daemon [_thread_in_native, id=2612, stack(0x0000003ceab00000,0x0000003ceac00000)]
  0x000001e7a1791000 JavaThread "Sweeper thread" daemon [_thread_blocked, id=15832, stack(0x0000003ceac00000,0x0000003cead00000)]
  0x000001e7a187f000 JavaThread "Common-Cleaner" daemon [_thread_blocked, id=12452, stack(0x0000003cead00000,0x0000003ceae00000)]
  0x000001e7a2725800 JavaThread "Daemon health stats" [_thread_blocked, id=12560, stack(0x0000003ceb200000,0x0000003ceb300000)]
  0x000001e7a1963000 JavaThread "Incoming local TCP Connector on port 52158" [_thread_in_native, id=3828, stack(0x0000003ceaf00000,0x0000003ceb000000)]
  0x000001e7a2fdd000 JavaThread "Daemon periodic checks" [_thread_blocked, id=5776, stack(0x0000003ceb300000,0x0000003ceb400000)]
  0x000001e7a31cb800 JavaThread "Daemon" [_thread_blocked, id=14720, stack(0x0000003ceb400000,0x0000003ceb500000)]
  0x000001e7a356c800 JavaThread "Handler for socket connection from /127.0.0.1:52158 to /127.0.0.1:52159" [_thread_in_native, id=14764, stack(0x0000003ceb500000,0x0000003ceb600000)]
  0x000001e7a300c000 JavaThread "Cancel handler" [_thread_blocked, id=15596, stack(0x0000003ceb600000,0x0000003ceb700000)]
  0x000001e7a2eea800 JavaThread "Daemon worker" [_thread_blocked, id=13540, stack(0x0000003ceb700000,0x0000003ceb800000)]
  0x000001e7a3032800 JavaThread "Asynchronous log dispatcher for DefaultDaemonConnection: socket connection from /127.0.0.1:52158 to /127.0.0.1:52159" [_thread_blocked, id=13476, stack(0x0000003ceb800000,0x0000003ceb900000)]
  0x000001e7a3715800 JavaThread "Stdin handler" [_thread_blocked, id=10400, stack(0x0000003ceb900000,0x0000003ceba00000)]
  0x000001e7a316e000 JavaThread "Daemon client event forwarder" [_thread_blocked, id=3872, stack(0x0000003cebb00000,0x0000003cebc00000)]
  0x000001e7a316b800 JavaThread "Cache worker for file hash cache (C:\Program Files\Android\Android Studio\jre\caches\7.0.2\fileHashes)" [_thread_blocked, id=12136, stack(0x0000003cebc00000,0x0000003cebd00000)]
  0x000001e7a316a800 JavaThread "File lock request listener" [_thread_in_native, id=11204, stack(0x0000003cebd00000,0x0000003cebe00000)]
  0x000001e7a316d000 JavaThread "Cache worker for journal cache (C:\Program Files\Android\Android Studio\jre\caches\journal-1)" [_thread_blocked, id=700, stack(0x0000003cebe00000,0x0000003cebf00000)]
  0x000001e7a316c000 JavaThread "Cache worker for file hash cache (C:\Users\Elysian\Desktop\Coding\money-manager\.gradle\7.0.2\fileHashes)" [_thread_blocked, id=244, stack(0x0000003cebf00000,0x0000003cec000000)]
  0x000001e7a316e800 JavaThread "File watcher server" daemon [_thread_in_native, id=14472, stack(0x0000003cec000000,0x0000003cec100000)]
  0x000001e7a316f800 JavaThread "File watcher consumer" daemon [_thread_blocked, id=15724, stack(0x0000003cec100000,0x0000003cec200000)]
  0x000001e7a316a000 JavaThread "jar transforms" [_thread_blocked, id=5108, stack(0x0000003cec200000,0x0000003cec300000)]
  0x000001e7a3170800 JavaThread "jar transforms Thread 2" [_thread_in_Java, id=7940, stack(0x0000003cec300000,0x0000003cec400000)]
  0x000001e7a2a38800 JavaThread "jar transforms Thread 3" [_thread_blocked, id=6056, stack(0x0000003cec400000,0x0000003cec500000)]
  0x000001e7a2a37800 JavaThread "jar transforms Thread 4" [_thread_blocked, id=14608, stack(0x0000003cec500000,0x0000003cec600000)]
  0x000001e7a2a36800 JavaThread "Cache worker for checksums cache (C:\Users\Elysian\Desktop\Coding\money-manager\.gradle\checksums)" [_thread_blocked, id=14664, stack(0x0000003cec600000,0x0000003cec700000)]
  0x000001e7a2a39000 JavaThread "Cache worker for cache directory md-supplier (C:\Program Files\Android\Android Studio\jre\caches\7.0.2\md-supplier)" [_thread_blocked, id=14880, stack(0x0000003cec700000,0x0000003cec800000)]
  0x000001e7a2a3a000 JavaThread "Cache worker for cache directory md-rule (C:\Program Files\Android\Android Studio\jre\caches\7.0.2\md-rule)" [_thread_blocked, id=5908, stack(0x0000003cec800000,0x0000003cec900000)]
  0x000001e7a2a36000 JavaThread "Cache worker for execution history cache (C:\Program Files\Android\Android Studio\jre\caches\7.0.2\executionHistory)" [_thread_blocked, id=15228, stack(0x0000003cec900000,0x0000003ceca00000)]
  0x000001e7a2a35000 JavaThread "Cache worker for file content cache (C:\Program Files\Android\Android Studio\jre\caches\7.0.2\fileContent)" [_thread_blocked, id=15444, stack(0x0000003ceca00000,0x0000003cecb00000)]

Other Threads:
  0x000001e7a0daa800 VMThread "VM Thread" [stack: 0x0000003cea400000,0x0000003cea500000] [id=9472]
  0x000001e7a18af000 WatcherThread [stack: 0x0000003ceae00000,0x0000003ceaf00000] [id=5588]
  0x000001e785287800 GCTaskThread "GC Thread#0" [stack: 0x0000003ce9f00000,0x0000003cea000000] [id=14360]
  0x000001e7a234f800 GCTaskThread "GC Thread#1" [stack: 0x0000003ceb000000,0x0000003ceb100000] [id=15804]
  0x000001e7a2260000 GCTaskThread "GC Thread#2" [stack: 0x0000003ceb100000,0x0000003ceb200000] [id=8800]
  0x000001e7a32a6000 GCTaskThread "GC Thread#3" [stack: 0x0000003ceba00000,0x0000003cebb00000] [id=11644]
  0x000001e7852b8800 ConcurrentGCThread "G1 Main Marker" [stack: 0x0000003cea000000,0x0000003cea100000] [id=15908]
  0x000001e7852ba800 ConcurrentGCThread "G1 Conc#0" [stack: 0x0000003cea100000,0x0000003cea200000] [id=11068]
  0x000001e785344800 ConcurrentGCThread "G1 Refine#0" [stack: 0x0000003cea200000,0x0000003cea300000] [id=3776]
  0x000001e785345800 ConcurrentGCThread "G1 Young RemSet Sampling" [stack: 0x0000003cea300000,0x0000003cea400000] [id=12608]

Threads with active compile tasks:
C2 CompilerThread0  34536 4801       4       groovyjarjarantlr4.v4.runtime.atn.LexerATNSimulator::closure (258 bytes)

VM state:not at safepoint (normal execution)

VM Mutex/Monitor currently owned by a thread: None

Heap address: 0x0000000080000000, size: 2048 MB, Compressed Oops mode: 32-bit
Narrow klass base: 0x0000000000000000, Narrow klass shift: 3
Compressed class space size: 1073741824 Address: 0x0000000100000000

Heap:
 garbage-first heap   total 131072K, used 68329K [0x0000000080000000, 0x0000000100000000)
  region size 1024K, 20 young (20480K), 5 survivors (5120K)
 Metaspace       used 47924K, capacity 49285K, committed 49408K, reserved 1091584K
  class space    used 6167K, capacity 6634K, committed 6656K, reserved 1048576K
Heap Regions: E=young(eden), S=young(survivor), O=old, HS=humongous(starts), HC=humongous(continues), CS=collection set, F=free, A=archive, TAMS=top-at-mark-start (previous, next)
|   0|0x0000000080000000, 0x0000000080100000, 0x0000000080100000|100%|HS|  |TAMS 0x0000000080100000, 0x0000000080000000| Complete 
|   1|0x0000000080100000, 0x0000000080200000, 0x0000000080200000|100%|HC|  |TAMS 0x0000000080200000, 0x0000000080100000| Complete 
|   2|0x0000000080200000, 0x0000000080300000, 0x0000000080300000|100%|HC|  |TAMS 0x0000000080300000, 0x0000000080200000| Complete 
|   3|0x0000000080300000, 0x0000000080400000, 0x0000000080400000|100%| O|  |TAMS 0x0000000080400000, 0x0000000080300000| Untracked 
|   4|0x0000000080400000, 0x0000000080500000, 0x0000000080500000|100%| O|  |TAMS 0x0000000080500000, 0x0000000080400000| Untracked 
|   5|0x0000000080500000, 0x0000000080600000, 0x0000000080600000|100%| O|  |TAMS 0x0000000080600000, 0x0000000080500000| Untracked 
|   6|0x0000000080600000, 0x0000000080700000, 0x0000000080700000|100%| O|  |TAMS 0x0000000080700000, 0x0000000080600000| Untracked 
|   7|0x0000000080700000, 0x0000000080800000, 0x0000000080800000|100%| O|  |TAMS 0x0000000080800000, 0x0000000080700000| Untracked 
|   8|0x0000000080800000, 0x0000000080900000, 0x0000000080900000|100%| O|  |TAMS 0x0000000080900000, 0x0000000080800000| Untracked 
|   9|0x0000000080900000, 0x0000000080a00000, 0x0000000080a00000|100%| O|  |TAMS 0x0000000080a00000, 0x0000000080900000| Untracked 
|  10|0x0000000080a00000, 0x0000000080b00000, 0x0000000080b00000|100%| O|  |TAMS 0x0000000080b00000, 0x0000000080a00000| Untracked 
|  11|0x0000000080b00000, 0x0000000080c00000, 0x0000000080c00000|100%| O|  |TAMS 0x0000000080c00000, 0x0000000080b00000| Untracked 
|  12|0x0000000080c00000, 0x0000000080d00000, 0x0000000080d00000|100%| O|  |TAMS 0x0000000080d00000, 0x0000000080c00000| Untracked 
|  13|0x0000000080d00000, 0x0000000080e00000, 0x0000000080e00000|100%| O|  |TAMS 0x0000000080e00000, 0x0000000080d00000| Untracked 
|  14|0x0000000080e00000, 0x0000000080f00000, 0x0000000080f00000|100%| O|  |TAMS 0x0000000080f00000, 0x0000000080e00000| Untracked 
|  15|0x0000000080f00000, 0x0000000081000000, 0x0000000081000000|100%| O|  |TAMS 0x0000000081000000, 0x0000000080f00000| Untracked 
|  16|0x0000000081000000, 0x0000000081100000, 0x0000000081100000|100%|HS|  |TAMS 0x0000000081100000, 0x0000000081000000| Complete 
|  17|0x0000000081100000, 0x0000000081200000, 0x0000000081200000|100%|HC|  |TAMS 0x0000000081200000, 0x0000000081100000| Complete 
|  18|0x0000000081200000, 0x0000000081300000, 0x0000000081300000|100%|HS|  |TAMS 0x0000000081300000, 0x0000000081200000| Complete 
|  19|0x0000000081300000, 0x0000000081400000, 0x0000000081400000|100%|HC|  |TAMS 0x0000000081400000, 0x0000000081300000| Complete 
|  20|0x0000000081400000, 0x0000000081500000, 0x0000000081500000|100%|HC|  |TAMS 0x0000000081500000, 0x0000000081400000| Complete 
|  21|0x0000000081500000, 0x0000000081600000, 0x0000000081600000|100%|HS|  |TAMS 0x0000000081600000, 0x0000000081500000| Complete 
|  22|0x0000000081600000, 0x0000000081700000, 0x0000000081700000|100%|HC|  |TAMS 0x0000000081700000, 0x0000000081600000| Complete 
|  23|0x0000000081700000, 0x0000000081800000, 0x0000000081800000|100%|HC|  |TAMS 0x0000000081800000, 0x0000000081700000| Complete 
|  24|0x0000000081800000, 0x0000000081900000, 0x0000000081900000|100%|HC|  |TAMS 0x0000000081900000, 0x0000000081800000| Complete 
|  25|0x0000000081900000, 0x0000000081a00000, 0x0000000081a00000|100%|HC|  |TAMS 0x0000000081a00000, 0x0000000081900000| Complete 
|  26|0x0000000081a00000, 0x0000000081b00000, 0x0000000081b00000|100%| O|  |TAMS 0x0000000081b00000, 0x0000000081a00000| Untracked 
|  27|0x0000000081b00000, 0x0000000081c00000, 0x0000000081c00000|100%| O|  |TAMS 0x0000000081c00000, 0x0000000081b00000| Untracked 
|  28|0x0000000081c00000, 0x0000000081d00000, 0x0000000081d00000|100%| O|  |TAMS 0x0000000081d00000, 0x0000000081c00000| Untracked 
|  29|0x0000000081d00000, 0x0000000081e00000, 0x0000000081e00000|100%| O|  |TAMS 0x0000000081d00000, 0x0000000081d00000| Untracked 
|  30|0x0000000081e00000, 0x0000000081f00000, 0x0000000081f00000|100%| O|  |TAMS 0x0000000081e00000, 0x0000000081e00000| Untracked 
|  31|0x0000000081f00000, 0x0000000082000000, 0x0000000082000000|100%| O|  |TAMS 0x0000000081f00000, 0x0000000081f00000| Untracked 
|  32|0x0000000082000000, 0x0000000082100000, 0x0000000082100000|100%| O|  |TAMS 0x0000000082100000, 0x0000000082000000| Untracked 
|  33|0x0000000082100000, 0x0000000082200000, 0x0000000082200000|100%| O|  |TAMS 0x0000000082200000, 0x0000000082100000| Untracked 
|  34|0x0000000082200000, 0x0000000082300000, 0x0000000082300000|100%| O|  |TAMS 0x00000000822e5800, 0x0000000082200000| Untracked 
|  35|0x0000000082300000, 0x0000000082400000, 0x0000000082400000|100%|HS|  |TAMS 0x0000000082300000, 0x0000000082300000| Complete 
|  36|0x0000000082400000, 0x0000000082500000, 0x0000000082500000|100%|HC|  |TAMS 0x0000000082400000, 0x0000000082400000| Complete 
|  37|0x0000000082500000, 0x0000000082600000, 0x0000000082600000|100%|HC|  |TAMS 0x0000000082500000, 0x0000000082500000| Complete 
|  38|0x0000000082600000, 0x0000000082700000, 0x0000000082700000|100%|HC|  |TAMS 0x0000000082600000, 0x0000000082600000| Complete 
|  39|0x0000000082700000, 0x0000000082800000, 0x0000000082800000|100%|HC|  |TAMS 0x0000000082700000, 0x0000000082700000| Complete 
|  40|0x0000000082800000, 0x0000000082900000, 0x0000000082900000|100%| O|  |TAMS 0x0000000082800000, 0x0000000082800000| Untracked 
|  41|0x0000000082900000, 0x0000000082a00000, 0x0000000082a00000|100%| O|  |TAMS 0x0000000082900000, 0x0000000082900000| Untracked 
|  42|0x0000000082a00000, 0x0000000082b00000, 0x0000000082b00000|100%|HS|  |TAMS 0x0000000082a00000, 0x0000000082a00000| Complete 
|  43|0x0000000082b00000, 0x0000000082c00000, 0x0000000082c00000|100%|HC|  |TAMS 0x0000000082b00000, 0x0000000082b00000| Complete 
|  44|0x0000000082c00000, 0x0000000082d00000, 0x0000000082d00000|100%|HC|  |TAMS 0x0000000082c00000, 0x0000000082c00000| Complete 
|  45|0x0000000082d00000, 0x0000000082e00000, 0x0000000082e00000|100%| O|  |TAMS 0x0000000082d00000, 0x0000000082d00000| Untracked 
|  46|0x0000000082e00000, 0x0000000082f00000, 0x0000000082f00000|100%| O|  |TAMS 0x0000000082e00000, 0x0000000082e00000| Untracked 
|  47|0x0000000082f00000, 0x0000000083000000, 0x0000000083000000|100%| O|  |TAMS 0x0000000082f00000, 0x0000000082f00000| Untracked 
|  48|0x0000000083000000, 0x0000000083049200, 0x0000000083100000| 28%| O|  |TAMS 0x0000000083000000, 0x0000000083000000| Untracked 
|  49|0x0000000083100000, 0x0000000083100000, 0x0000000083200000|  0%| F|  |TAMS 0x0000000083100000, 0x0000000083100000| Untracked 
|  50|0x0000000083200000, 0x0000000083200000, 0x0000000083300000|  0%| F|  |TAMS 0x0000000083200000, 0x0000000083200000| Untracked 
|  51|0x0000000083300000, 0x0000000083300000, 0x0000000083400000|  0%| F|  |TAMS 0x0000000083300000, 0x0000000083300000| Untracked 
|  52|0x0000000083400000, 0x0000000083400000, 0x0000000083500000|  0%| F|  |TAMS 0x0000000083400000, 0x0000000083400000| Untracked 
|  53|0x0000000083500000, 0x0000000083500000, 0x0000000083600000|  0%| F|  |TAMS 0x0000000083500000, 0x0000000083500000| Untracked 
|  54|0x0000000083600000, 0x0000000083600000, 0x0000000083700000|  0%| F|  |TAMS 0x0000000083600000, 0x0000000083600000| Untracked 
|  55|0x0000000083700000, 0x0000000083700000, 0x0000000083800000|  0%| F|  |TAMS 0x0000000083700000, 0x0000000083700000| Untracked 
|  56|0x0000000083800000, 0x0000000083800000, 0x0000000083900000|  0%| F|  |TAMS 0x0000000083800000, 0x0000000083800000| Untracked 
|  57|0x0000000083900000, 0x0000000083900000, 0x0000000083a00000|  0%| F|  |TAMS 0x0000000083900000, 0x0000000083900000| Untracked 
|  58|0x0000000083a00000, 0x0000000083a00000, 0x0000000083b00000|  0%| F|  |TAMS 0x0000000083a00000, 0x0000000083a00000| Untracked 
|  59|0x0000000083b00000, 0x0000000083b00000, 0x0000000083c00000|  0%| F|  |TAMS 0x0000000083b00000, 0x0000000083b00000| Untracked 
|  60|0x0000000083c00000, 0x0000000083c00000, 0x0000000083d00000|  0%| F|  |TAMS 0x0000000083c00000, 0x0000000083c00000| Untracked 
|  61|0x0000000083d00000, 0x0000000083d00000, 0x0000000083e00000|  0%| F|  |TAMS 0x0000000083d00000, 0x0000000083d00000| Untracked 
|  62|0x0000000083e00000, 0x0000000083e00000, 0x0000000083f00000|  0%| F|  |TAMS 0x0000000083e00000, 0x0000000083e00000| Untracked 
|  63|0x0000000083f00000, 0x0000000083f00000, 0x0000000084000000|  0%| F|  |TAMS 0x0000000083f00000, 0x0000000083f00000| Untracked 
|  64|0x0000000084000000, 0x0000000084000000, 0x0000000084100000|  0%| F|  |TAMS 0x0000000084000000, 0x0000000084000000| Untracked 
|  65|0x0000000084100000, 0x0000000084100000, 0x0000000084200000|  0%| F|  |TAMS 0x0000000084100000, 0x0000000084100000| Untracked 
|  66|0x0000000084200000, 0x0000000084200000, 0x0000000084300000|  0%| F|  |TAMS 0x0000000084200000, 0x0000000084200000| Untracked 
|  67|0x0000000084300000, 0x0000000084300000, 0x0000000084400000|  0%| F|  |TAMS 0x0000000084300000, 0x0000000084300000| Untracked 
|  68|0x0000000084400000, 0x0000000084400000, 0x0000000084500000|  0%| F|  |TAMS 0x0000000084400000, 0x0000000084400000| Untracked 
|  69|0x0000000084500000, 0x0000000084500000, 0x0000000084600000|  0%| F|  |TAMS 0x0000000084500000, 0x0000000084500000| Untracked 
|  70|0x0000000084600000, 0x0000000084671510, 0x0000000084700000| 44%| S|CS|TAMS 0x0000000084600000, 0x0000000084600000| Complete 
|  71|0x0000000084700000, 0x0000000084800000, 0x0000000084800000|100%| S|CS|TAMS 0x0000000084700000, 0x0000000084700000| Complete 
|  72|0x0000000084800000, 0x0000000084900000, 0x0000000084900000|100%| S|CS|TAMS 0x0000000084800000, 0x0000000084800000| Complete 
|  73|0x0000000084900000, 0x0000000084a00000, 0x0000000084a00000|100%| S|CS|TAMS 0x0000000084900000, 0x0000000084900000| Complete 
|  74|0x0000000084a00000, 0x0000000084b00000, 0x0000000084b00000|100%| S|CS|TAMS 0x0000000084a00000, 0x0000000084a00000| Complete 
|  75|0x0000000084b00000, 0x0000000084b00000, 0x0000000084c00000|  0%| F|  |TAMS 0x0000000084b00000, 0x0000000084b00000| Untracked 
|  76|0x0000000084c00000, 0x0000000084c00000, 0x0000000084d00000|  0%| F|  |TAMS 0x0000000084c00000, 0x0000000084c00000| Untracked 
|  77|0x0000000084d00000, 0x0000000084d00000, 0x0000000084e00000|  0%| F|  |TAMS 0x0000000084d00000, 0x0000000084d00000| Untracked 
|  78|0x0000000084e00000, 0x0000000084e00000, 0x0000000084f00000|  0%| F|  |TAMS 0x0000000084e00000, 0x0000000084e00000| Untracked 
|  79|0x0000000084f00000, 0x0000000084f00000, 0x0000000085000000|  0%| F|  |TAMS 0x0000000084f00000, 0x0000000084f00000| Untracked 
|  80|0x0000000085000000, 0x0000000085000000, 0x0000000085100000|  0%| F|  |TAMS 0x0000000085000000, 0x0000000085000000| Untracked 
|  81|0x0000000085100000, 0x0000000085100000, 0x0000000085200000|  0%| F|  |TAMS 0x0000000085100000, 0x0000000085100000| Untracked 
|  82|0x0000000085200000, 0x0000000085200000, 0x0000000085300000|  0%| F|  |TAMS 0x0000000085200000, 0x0000000085200000| Untracked 
|  83|0x0000000085300000, 0x0000000085300000, 0x0000000085400000|  0%| F|  |TAMS 0x0000000085300000, 0x0000000085300000| Untracked 
|  84|0x0000000085400000, 0x0000000085400000, 0x0000000085500000|  0%| F|  |TAMS 0x0000000085400000, 0x0000000085400000| Untracked 
|  85|0x0000000085500000, 0x0000000085500000, 0x0000000085600000|  0%| F|  |TAMS 0x0000000085500000, 0x0000000085500000| Untracked 
|  86|0x0000000085600000, 0x0000000085600000, 0x0000000085700000|  0%| F|  |TAMS 0x0000000085600000, 0x0000000085600000| Untracked 
|  87|0x0000000085700000, 0x0000000085700000, 0x0000000085800000|  0%| F|  |TAMS 0x0000000085700000, 0x0000000085700000| Untracked 
|  88|0x0000000085800000, 0x0000000085800000, 0x0000000085900000|  0%| F|  |TAMS 0x0000000085800000, 0x0000000085800000| Untracked 
|  89|0x0000000085900000, 0x0000000085900000, 0x0000000085a00000|  0%| F|  |TAMS 0x0000000085900000, 0x0000000085900000| Untracked 
|  90|0x0000000085a00000, 0x0000000085a00000, 0x0000000085b00000|  0%| F|  |TAMS 0x0000000085a00000, 0x0000000085a00000| Untracked 
|  91|0x0000000085b00000, 0x0000000085b00000, 0x0000000085c00000|  0%| F|  |TAMS 0x0000000085b00000, 0x0000000085b00000| Untracked 
|  92|0x0000000085c00000, 0x0000000085c00000, 0x0000000085d00000|  0%| F|  |TAMS 0x0000000085c00000, 0x0000000085c00000| Untracked 
|  93|0x0000000085d00000, 0x0000000085d00000, 0x0000000085e00000|  0%| F|  |TAMS 0x0000000085d00000, 0x0000000085d00000| Untracked 
|  94|0x0000000085e00000, 0x0000000085e00000, 0x0000000085f00000|  0%| F|  |TAMS 0x0000000085e00000, 0x0000000085e00000| Untracked 
|  95|0x0000000085f00000, 0x0000000085f00000, 0x0000000086000000|  0%| F|  |TAMS 0x0000000085f00000, 0x0000000085f00000| Untracked 
|  96|0x0000000086000000, 0x0000000086000000, 0x0000000086100000|  0%| F|  |TAMS 0x0000000086000000, 0x0000000086000000| Untracked 
|  97|0x0000000086100000, 0x0000000086100000, 0x0000000086200000|  0%| F|  |TAMS 0x0000000086100000, 0x0000000086100000| Untracked 
|  98|0x0000000086200000, 0x0000000086200000, 0x0000000086300000|  0%| F|  |TAMS 0x0000000086200000, 0x0000000086200000| Untracked 
|  99|0x0000000086300000, 0x0000000086300000, 0x0000000086400000|  0%| F|  |TAMS 0x0000000086300000, 0x0000000086300000| Untracked 
| 100|0x0000000086400000, 0x0000000086400000, 0x0000000086500000|  0%| F|  |TAMS 0x0000000086400000, 0x0000000086400000| Untracked 
| 101|0x0000000086500000, 0x0000000086500000, 0x0000000086600000|  0%| F|  |TAMS 0x0000000086500000, 0x0000000086500000| Untracked 
| 102|0x0000000086600000, 0x0000000086600000, 0x0000000086700000|  0%| F|  |TAMS 0x0000000086600000, 0x0000000086600000| Untracked 
| 103|0x0000000086700000, 0x0000000086700000, 0x0000000086800000|  0%| F|  |TAMS 0x0000000086700000, 0x0000000086700000| Untracked 
| 104|0x0000000086800000, 0x0000000086800000, 0x0000000086900000|  0%| F|  |TAMS 0x0000000086800000, 0x0000000086800000| Untracked 
| 105|0x0000000086900000, 0x0000000086900000, 0x0000000086a00000|  0%| F|  |TAMS 0x0000000086900000, 0x0000000086900000| Untracked 
| 106|0x0000000086a00000, 0x0000000086a00000, 0x0000000086b00000|  0%| F|  |TAMS 0x0000000086a00000, 0x0000000086a00000| Untracked 
| 107|0x0000000086b00000, 0x0000000086b00000, 0x0000000086c00000|  0%| F|  |TAMS 0x0000000086b00000, 0x0000000086b00000| Untracked 
| 108|0x0000000086c00000, 0x0000000086c00000, 0x0000000086d00000|  0%| F|  |TAMS 0x0000000086c00000, 0x0000000086c00000| Untracked 
| 109|0x0000000086d00000, 0x0000000086d00000, 0x0000000086e00000|  0%| F|  |TAMS 0x0000000086d00000, 0x0000000086d00000| Untracked 
| 110|0x0000000086e00000, 0x0000000086e00000, 0x0000000086f00000|  0%| F|  |TAMS 0x0000000086e00000, 0x0000000086e00000| Untracked 
| 111|0x0000000086f00000, 0x0000000086f00000, 0x0000000087000000|  0%| F|  |TAMS 0x0000000086f00000, 0x0000000086f00000| Untracked 
| 112|0x0000000087000000, 0x0000000087000000, 0x0000000087100000|  0%| F|  |TAMS 0x0000000087000000, 0x0000000087000000| Untracked 
| 113|0x0000000087100000, 0x00000000871cc9c8, 0x0000000087200000| 79%| E|  |TAMS 0x0000000087100000, 0x0000000087100000| Complete 
| 114|0x0000000087200000, 0x0000000087300000, 0x0000000087300000|100%| E|CS|TAMS 0x0000000087200000, 0x0000000087200000| Complete 
| 115|0x0000000087300000, 0x0000000087400000, 0x0000000087400000|100%| E|CS|TAMS 0x0000000087300000, 0x0000000087300000| Complete 
| 116|0x0000000087400000, 0x0000000087500000, 0x0000000087500000|100%| E|CS|TAMS 0x0000000087400000, 0x0000000087400000| Complete 
| 117|0x0000000087500000, 0x0000000087600000, 0x0000000087600000|100%| E|CS|TAMS 0x0000000087500000, 0x0000000087500000| Complete 
| 118|0x0000000087600000, 0x0000000087700000, 0x0000000087700000|100%| E|CS|TAMS 0x0000000087600000, 0x0000000087600000| Complete 
| 119|0x0000000087700000, 0x0000000087800000, 0x0000000087800000|100%| E|CS|TAMS 0x0000000087700000, 0x0000000087700000| Complete 
| 120|0x0000000087800000, 0x0000000087900000, 0x0000000087900000|100%| E|CS|TAMS 0x0000000087800000, 0x0000000087800000| Complete 
| 121|0x0000000087900000, 0x0000000087a00000, 0x0000000087a00000|100%| E|CS|TAMS 0x0000000087900000, 0x0000000087900000| Complete 
| 122|0x0000000087a00000, 0x0000000087b00000, 0x0000000087b00000|100%| E|CS|TAMS 0x0000000087a00000, 0x0000000087a00000| Complete 
| 123|0x0000000087b00000, 0x0000000087c00000, 0x0000000087c00000|100%| E|CS|TAMS 0x0000000087b00000, 0x0000000087b00000| Complete 
| 124|0x0000000087c00000, 0x0000000087d00000, 0x0000000087d00000|100%| E|CS|TAMS 0x0000000087c00000, 0x0000000087c00000| Complete 
| 125|0x0000000087d00000, 0x0000000087e00000, 0x0000000087e00000|100%| E|CS|TAMS 0x0000000087d00000, 0x0000000087d00000| Complete 
| 126|0x0000000087e00000, 0x0000000087f00000, 0x0000000087f00000|100%| E|CS|TAMS 0x0000000087e00000, 0x0000000087e00000| Complete 
| 127|0x0000000087f00000, 0x0000000088000000, 0x0000000088000000|100%| E|CS|TAMS 0x0000000087f00000, 0x0000000087f00000| Complete 

Card table byte_map: [0x000001e799f60000,0x000001e79a360000] _byte_map_base: 0x000001e799b60000

Marking Bits (Prev, Next): (CMBitMap*) 0x000001e7852af780, (CMBitMap*) 0x000001e7852af748
 Prev Bits: [0x000001e79c760000, 0x000001e79e760000)
 Next Bits: [0x000001e79a760000, 0x000001e79c760000)

Polling page: 0x000001e785350000

Metaspace:

Usage:
  Non-class:     41.65 MB capacity,    40.78 MB ( 98%) used,   761.66 KB (  2%) free+waste,   126.19 KB ( <1%) overhead. 
      Class:      6.48 MB capacity,     6.02 MB ( 93%) used,   405.91 KB (  6%) free+waste,    60.50 KB ( <1%) overhead. 
       Both:     48.13 MB capacity,    46.81 MB ( 97%) used,     1.14 MB (  2%) free+waste,   186.69 KB ( <1%) overhead. 

Virtual space:
  Non-class space:       42.00 MB reserved,      41.75 MB (>99%) committed 
      Class space:        1.00 GB reserved,       6.50 MB ( <1%) committed 
             Both:        1.04 GB reserved,      48.25 MB (  5%) committed 

Chunk freelists:
   Non-Class:  37.00 KB
       Class:  22.00 KB
        Both:  59.00 KB

MaxMetaspaceSize: 17179869184.00 GB
CompressedClassSpaceSize: 1.00 GB

CodeHeap 'non-profiled nmethods': size=120064Kb used=2574Kb max_used=2574Kb free=117489Kb
 bounds [0x000001e791ff0000, 0x000001e792280000, 0x000001e799530000]
CodeHeap 'profiled nmethods': size=120000Kb used=10625Kb max_used=10625Kb free=109375Kb
 bounds [0x000001e78aac0000, 0x000001e78b530000, 0x000001e791ff0000]
CodeHeap 'non-nmethods': size=5696Kb used=2223Kb max_used=2257Kb free=3472Kb
 bounds [0x000001e78a530000, 0x000001e78a7a0000, 0x000001e78aac0000]
 total_blobs=5873 nmethods=5077 adapters=704
 compilation: enabled
              stopped_count=0, restarted_count=0
 full_count=0

Compilation events (20 events):
Event: 34.266 Thread 0x000001e7a0dfc800 5076       1       org.codehaus.groovy.ast.ModuleNode::getStaticStarImports (5 bytes)
Event: 34.266 Thread 0x000001e7a0dfc800 nmethod 5076 0x000001e792272090 code [0x000001e792272240, 0x000001e7922722f8]
Event: 34.267 Thread 0x000001e7a0dfc800 5077       2       groovyjarjarasm.asm.MethodWriter::visitMethodInsn (191 bytes)
Event: 34.268 Thread 0x000001e7a0dfc800 nmethod 5077 0x000001e78b511390 code [0x000001e78b5115a0, 0x000001e78b511908]
Event: 34.268 Thread 0x000001e7a0dfc800 5079       2       groovyjarjarasm.asm.Type::getArgumentTypes (154 bytes)
Event: 34.270 Thread 0x000001e7a0dfc800 nmethod 5079 0x000001e78b511c10 code [0x000001e78b511f00, 0x000001e78b512d28]
Event: 34.270 Thread 0x000001e7a0dfc800 5084       2       groovyjarjarasm.asm.SymbolTable::addConstantUtf8Reference (101 bytes)
Event: 34.270 Thread 0x000001e7a0dfc800 nmethod 5084 0x000001e78b513710 code [0x000001e78b513920, 0x000001e78b513d18]
Event: 34.270 Thread 0x000001e7a0dfc800 5085       1       org.codehaus.groovy.classgen.asm.MopWriter$MopKey::hashCode (5 bytes)
Event: 34.270 Thread 0x000001e7a0dfc800 nmethod 5085 0x000001e792272390 code [0x000001e792272540, 0x000001e7922725f8]
Event: 34.270 Thread 0x000001e7a0dfc800 5081       2       java.util.Collections$EmptyList::toArray (5 bytes)
Event: 34.270 Thread 0x000001e7a0dfc800 nmethod 5081 0x000001e78b514010 code [0x000001e78b5141c0, 0x000001e78b514358]
Event: 34.270 Thread 0x000001e7a0dfc800 5080       2       groovyjarjarasm.asm.Frame::push (59 bytes)
Event: 34.271 Thread 0x000001e7a0dfc800 nmethod 5080 0x000001e78b514410 code [0x000001e78b514600, 0x000001e78b514918]
Event: 34.271 Thread 0x000001e7a0dfc800 5078       2       groovyjarjarasm.asm.SymbolTable::addConstantMethodref (24 bytes)
Event: 34.271 Thread 0x000001e7a0dfc800 nmethod 5078 0x000001e78b514b90 code [0x000001e78b514d40, 0x000001e78b514e88]
Event: 34.271 Thread 0x000001e7a0dfc800 5082       1       org.codehaus.groovy.ast.ModuleNode::getStarImports (5 bytes)
Event: 34.271 Thread 0x000001e7a0dfc800 nmethod 5082 0x000001e792272690 code [0x000001e792272840, 0x000001e7922728f8]
Event: 34.271 Thread 0x000001e7a0dfc800 5083       1       org.codehaus.groovy.ast.ModuleNode::getPackage (5 bytes)
Event: 34.271 Thread 0x000001e7a0dfc800 nmethod 5083 0x000001e792272990 code [0x000001e792272b40, 0x000001e792272bf8]

GC Heap History (20 events):
Event: 4.008 GC heap before
{Heap before GC invocations=2 (full 0):
 garbage-first heap   total 131072K, used 36864K [0x0000000080000000, 0x0000000100000000)
  region size 1024K, 29 young (29696K), 2 survivors (2048K)
 Metaspace       used 10813K, capacity 11075K, committed 11264K, reserved 1058816K
  class space    used 1124K, capacity 1206K, committed 1280K, reserved 1048576K
}
Event: 4.015 GC heap after
{Heap after GC invocations=3 (full 0):
 garbage-first heap   total 131072K, used 9972K [0x0000000080000000, 0x0000000100000000)
  region size 1024K, 3 young (3072K), 3 survivors (3072K)
 Metaspace       used 10813K, capacity 11075K, committed 11264K, reserved 1058816K
  class space    used 1124K, capacity 1206K, committed 1280K, reserved 1048576K
}
Event: 5.903 GC heap before
{Heap before GC invocations=3 (full 0):
 garbage-first heap   total 131072K, used 50932K [0x0000000080000000, 0x0000000100000000)
  region size 1024K, 43 young (44032K), 3 survivors (3072K)
 Metaspace       used 17189K, capacity 17622K, committed 17792K, reserved 1064960K
  class space    used 1973K, capacity 2129K, committed 2176K, reserved 1048576K
}
Event: 5.911 GC heap after
{Heap after GC invocations=4 (full 0):
 garbage-first heap   total 131072K, used 15843K [0x0000000080000000, 0x0000000100000000)
  region size 1024K, 6 young (6144K), 6 survivors (6144K)
 Metaspace       used 17189K, capacity 17622K, committed 17792K, reserved 1064960K
  class space    used 1973K, capacity 2129K, committed 2176K, reserved 1048576K
}
Event: 7.980 GC heap before
{Heap before GC invocations=4 (full 0):
 garbage-first heap   total 131072K, used 45539K [0x0000000080000000, 0x0000000100000000)
  region size 1024K, 36 young (36864K), 6 survivors (6144K)
 Metaspace       used 20562K, capacity 21093K, committed 21248K, reserved 1067008K
  class space    used 2505K, capacity 2699K, committed 2816K, reserved 1048576K
}
Event: 7.994 GC heap after
{Heap after GC invocations=5 (full 0):
 garbage-first heap   total 131072K, used 16719K [0x0000000080000000, 0x0000000100000000)
  region size 1024K, 5 young (5120K), 5 survivors (5120K)
 Metaspace       used 20562K, capacity 21093K, committed 21248K, reserved 1067008K
  class space    used 2505K, capacity 2699K, committed 2816K, reserved 1048576K
}
Event: 14.245 GC heap before
{Heap before GC invocations=6 (full 0):
 garbage-first heap   total 131072K, used 65871K [0x0000000080000000, 0x0000000100000000)
  region size 1024K, 54 young (55296K), 5 survivors (5120K)
 Metaspace       used 25923K, capacity 26563K, committed 26752K, reserved 1073152K
  class space    used 3385K, capacity 3634K, committed 3712K, reserved 1048576K
}
Event: 14.255 GC heap after
{Heap after GC invocations=7 (full 0):
 garbage-first heap   total 131072K, used 18738K [0x0000000080000000, 0x0000000100000000)
  region size 1024K, 3 young (3072K), 3 survivors (3072K)
 Metaspace       used 25923K, capacity 26563K, committed 26752K, reserved 1073152K
  class space    used 3385K, capacity 3634K, committed 3712K, reserved 1048576K
}
Event: 23.246 GC heap before
{Heap before GC invocations=7 (full 0):
 garbage-first heap   total 131072K, used 88370K [0x0000000080000000, 0x0000000100000000)
  region size 1024K, 61 young (62464K), 3 survivors (3072K)
 Metaspace       used 32319K, capacity 33078K, committed 33408K, reserved 1077248K
  class space    used 4333K, capacity 4630K, committed 4736K, reserved 1048576K
}
Event: 23.259 GC heap after
{Heap after GC invocations=8 (full 0):
 garbage-first heap   total 131072K, used 32632K [0x0000000080000000, 0x0000000100000000)
  region size 1024K, 7 young (7168K), 7 survivors (7168K)
 Metaspace       used 32319K, capacity 33078K, committed 33408K, reserved 1077248K
  class space    used 4333K, capacity 4630K, committed 4736K, reserved 1048576K
}
Event: 23.909 GC heap before
{Heap before GC invocations=8 (full 0):
 garbage-first heap   total 131072K, used 39800K [0x0000000080000000, 0x0000000100000000)
  region size 1024K, 15 young (15360K), 7 survivors (7168K)
 Metaspace       used 34801K, capacity 35705K, committed 35840K, reserved 1081344K
  class space    used 4538K, capacity 4867K, committed 4992K, reserved 1048576K
}
Event: 23.922 GC heap after
{Heap after GC invocations=9 (full 0):
 garbage-first heap   total 131072K, used 33835K [0x0000000080000000, 0x0000000100000000)
  region size 1024K, 5 young (5120K), 5 survivors (5120K)
 Metaspace       used 34801K, capacity 35705K, committed 35840K, reserved 1081344K
  class space    used 4538K, capacity 4867K, committed 4992K, reserved 1048576K
}
Event: 26.332 GC heap before
{Heap before GC invocations=10 (full 0):
 garbage-first heap   total 131072K, used 90155K [0x0000000080000000, 0x0000000100000000)
  region size 1024K, 58 young (59392K), 5 survivors (5120K)
 Metaspace       used 40487K, capacity 41500K, committed 41728K, reserved 1085440K
  class space    used 5179K, capacity 5539K, committed 5632K, reserved 1048576K
}
Event: 26.353 GC heap after
{Heap after GC invocations=11 (full 0):
 garbage-first heap   total 131072K, used 38442K [0x0000000080000000, 0x0000000100000000)
  region size 1024K, 6 young (6144K), 6 survivors (6144K)
 Metaspace       used 40487K, capacity 41500K, committed 41728K, reserved 1085440K
  class space    used 5179K, capacity 5539K, committed 5632K, reserved 1048576K
}
Event: 28.816 GC heap before
{Heap before GC invocations=12 (full 0):
 garbage-first heap   total 131072K, used 97834K [0x0000000080000000, 0x0000000100000000)
  region size 1024K, 59 young (60416K), 6 survivors (6144K)
 Metaspace       used 44980K, capacity 46102K, committed 46336K, reserved 1089536K
  class space    used 5871K, capacity 6288K, committed 6400K, reserved 1048576K
}
Event: 28.830 GC heap after
{Heap after GC invocations=13 (full 0):
 garbage-first heap   total 131072K, used 46506K [0x0000000080000000, 0x0000000100000000)
  region size 1024K, 7 young (7168K), 7 survivors (7168K)
 Metaspace       used 44980K, capacity 46102K, committed 46336K, reserved 1089536K
  class space    used 5871K, capacity 6288K, committed 6400K, reserved 1048576K
}
Event: 29.434 GC heap before
{Heap before GC invocations=13 (full 0):
 garbage-first heap   total 131072K, used 98730K [0x0000000080000000, 0x0000000100000000)
  region size 1024K, 58 young (59392K), 7 survivors (7168K)
 Metaspace       used 45058K, capacity 46166K, committed 46336K, reserved 1089536K
  class space    used 5871K, capacity 6288K, committed 6400K, reserved 1048576K
}
Event: 29.447 GC heap after
{Heap after GC invocations=14 (full 0):
 garbage-first heap   total 131072K, used 48075K [0x0000000080000000, 0x0000000100000000)
  region size 1024K, 5 young (5120K), 5 survivors (5120K)
 Metaspace       used 45058K, capacity 46166K, committed 46336K, reserved 1089536K
  class space    used 5871K, capacity 6288K, committed 6400K, reserved 1048576K
}
Event: 34.009 GC heap before
{Heap before GC invocations=14 (full 0):
 garbage-first heap   total 131072K, used 103371K [0x0000000080000000, 0x0000000100000000)
  region size 1024K, 56 young (57344K), 5 survivors (5120K)
 Metaspace       used 47386K, capacity 48616K, committed 48896K, reserved 1091584K
  class space    used 6121K, capacity 6585K, committed 6656K, reserved 1048576K
}
Event: 34.023 GC heap after
{Heap after GC invocations=15 (full 0):
 garbage-first heap   total 131072K, used 53993K [0x0000000080000000, 0x0000000100000000)
  region size 1024K, 5 young (5120K), 5 survivors (5120K)
 Metaspace       used 47386K, capacity 48616K, committed 48896K, reserved 1091584K
  class space    used 6121K, capacity 6585K, committed 6656K, reserved 1048576K
}

Deoptimization events (20 events):
Event: 32.964 Thread 0x000001e7a2eea800 DEOPT PACKING pc=0x000001e79206aac8 sp=0x0000003ceb7f4540
Event: 32.964 Thread 0x000001e7a2eea800 DEOPT UNPACKING pc=0x000001e78a55782f sp=0x0000003ceb7f4528 mode 2
Event: 33.876 Thread 0x000001e7a2eea800 DEOPT PACKING pc=0x000001e78b34733b sp=0x0000003ceb7f7ff0
Event: 33.876 Thread 0x000001e7a2eea800 DEOPT UNPACKING pc=0x000001e78a55764e sp=0x0000003ceb7f74d8 mode 0
Event: 34.202 Thread 0x000001e7a2eea800 Uncommon trap: trap_request=0xffffffde fr.pc=0x000001e7920160d0 relative=0x00000000000001b0
Event: 34.202 Thread 0x000001e7a2eea800 Uncommon trap: reason=class_check action=maybe_recompile pc=0x000001e7920160d0 method=java.lang.String.equals(Ljava/lang/Object;)Z @ 8 c2
Event: 34.202 Thread 0x000001e7a2eea800 DEOPT PACKING pc=0x000001e7920160d0 sp=0x0000003ceb7f9d80
Event: 34.202 Thread 0x000001e7a2eea800 DEOPT UNPACKING pc=0x000001e78a55782f sp=0x0000003ceb7f9d18 mode 2
Event: 34.202 Thread 0x000001e7a2eea800 Uncommon trap: trap_request=0xffffffde fr.pc=0x000001e7920160d0 relative=0x00000000000001b0
Event: 34.202 Thread 0x000001e7a2eea800 Uncommon trap: reason=class_check action=maybe_recompile pc=0x000001e7920160d0 method=java.lang.String.equals(Ljava/lang/Object;)Z @ 8 c2
Event: 34.202 Thread 0x000001e7a2eea800 DEOPT PACKING pc=0x000001e7920160d0 sp=0x0000003ceb7f9d80
Event: 34.202 Thread 0x000001e7a2eea800 DEOPT UNPACKING pc=0x000001e78a55782f sp=0x0000003ceb7f9d18 mode 2
Event: 34.203 Thread 0x000001e7a2eea800 Uncommon trap: trap_request=0xffffffde fr.pc=0x000001e7920160d0 relative=0x00000000000001b0
Event: 34.203 Thread 0x000001e7a2eea800 Uncommon trap: reason=class_check action=maybe_recompile pc=0x000001e7920160d0 method=java.lang.String.equals(Ljava/lang/Object;)Z @ 8 c2
Event: 34.203 Thread 0x000001e7a2eea800 DEOPT PACKING pc=0x000001e7920160d0 sp=0x0000003ceb7f9c40
Event: 34.203 Thread 0x000001e7a2eea800 DEOPT UNPACKING pc=0x000001e78a55782f sp=0x0000003ceb7f9bd8 mode 2
Event: 34.208 Thread 0x000001e7a2eea800 Uncommon trap: trap_request=0xffffffde fr.pc=0x000001e7920160d0 relative=0x00000000000001b0
Event: 34.208 Thread 0x000001e7a2eea800 Uncommon trap: reason=class_check action=maybe_recompile pc=0x000001e7920160d0 method=java.lang.String.equals(Ljava/lang/Object;)Z @ 8 c2
Event: 34.208 Thread 0x000001e7a2eea800 DEOPT PACKING pc=0x000001e7920160d0 sp=0x0000003ceb7f9cc0
Event: 34.208 Thread 0x000001e7a2eea800 DEOPT UNPACKING pc=0x000001e78a55782f sp=0x0000003ceb7f9c58 mode 2

Classes redefined (0 events):
No events

Internal exceptions (20 events):
Event: 26.934 Thread 0x000001e7a2a37800 Exception <a 'sun/nio/fs/WindowsException'{0x0000000086d5a818}> (0x0000000086d5a818) thrown at [./src/hotspot/share/prims/jni.cpp, line 615]
Event: 26.985 Thread 0x000001e7a2a37800 Exception <a 'sun/nio/fs/WindowsException'{0x0000000086d5a9d0}> (0x0000000086d5a9d0) thrown at [./src/hotspot/share/prims/jni.cpp, line 615]
Event: 27.040 Thread 0x000001e7a2eea800 Exception <a 'java/lang/ClassNotFoundException'{0x0000000086ddd690}: sync_studio_tooling1_dmhh9mv6gaf64p7re7q6vs6dBeanInfo> (0x0000000086ddd690) thrown at [./src/hotspot/share/classfile/systemDictionary.cpp, line 231]
Event: 27.040 Thread 0x000001e7a2eea800 Exception <a 'java/lang/ClassNotFoundException'{0x0000000086de97c8}: sync_studio_tooling1_dmhh9mv6gaf64p7re7q6vs6dCustomizer> (0x0000000086de97c8) thrown at [./src/hotspot/share/classfile/systemDictionary.cpp, line 231]
Event: 27.325 Thread 0x000001e7a2eea800 Exception <a 'java/lang/ClassNotFoundException'{0x0000000086b74c80}: org/gradle/invocation/DefaultGradle_DecoratedBeanInfo> (0x0000000086b74c80) thrown at [./src/hotspot/share/classfile/systemDictionary.cpp, line 231]
Event: 27.325 Thread 0x000001e7a2eea800 Exception <a 'java/lang/ClassNotFoundException'{0x0000000086bffc50}: org/gradle/invocation/DefaultGradleBeanInfo> (0x0000000086bffc50) thrown at [./src/hotspot/share/classfile/systemDictionary.cpp, line 231]
Event: 27.326 Thread 0x000001e7a2eea800 Exception <a 'java/lang/ClassNotFoundException'{0x0000000086a27608}: org/gradle/api/internal/project/AbstractPluginAwareBeanInfo> (0x0000000086a27608) thrown at [./src/hotspot/share/classfile/systemDictionary.cpp, line 231]
Event: 27.327 Thread 0x000001e7a2eea800 Exception <a 'java/lang/ClassNotFoundException'{0x0000000086a4eba8}: org/gradle/api/internal/project/AbstractPluginAwareCustomizer> (0x0000000086a4eba8) thrown at [./src/hotspot/share/classfile/systemDictionary.cpp, line 231]
Event: 27.328 Thread 0x000001e7a2eea800 Exception <a 'java/lang/ClassNotFoundException'{0x0000000086a780c0}: org/gradle/invocation/DefaultGradleCustomizer> (0x0000000086a780c0) thrown at [./src/hotspot/share/classfile/systemDictionary.cpp, line 231]
Event: 27.333 Thread 0x000001e7a2eea800 Exception <a 'java/lang/ClassNotFoundException'{0x0000000086acaea8}: org/gradle/invocation/DefaultGradle_DecoratedCustomizer> (0x0000000086acaea8) thrown at [./src/hotspot/share/classfile/systemDictionary.cpp, line 231]
Event: 27.470 Thread 0x000001e7a2eea800 Exception <a 'java/lang/NoSuchMethodError'{0x00000000868c2060}: 'void java.lang.invoke.DirectMethodHandle$Holder.invokeVirtual(java.lang.Object, java.lang.Object)'> (0x00000000868c2060) thrown at [./src/hotspot/share/interpreter/linkResolver.cpp, line 773]
Event: 29.608 Thread 0x000001e7a2eea800 Implicit null exception at 0x000001e79215406f to 0x000001e792154118
Event: 29.716 Thread 0x000001e7a2eea800 Exception <a 'java/lang/NoSuchMethodError'{0x000000008742bf10}: 'void java.lang.invoke.DirectMethodHandle$Holder.invokeSpecialIFC(java.lang.Object, java.lang.Object, java.lang.Object)'> (0x000000008742bf10) thrown at [./src/hotspot/share/interpreter/linkResolver.cpp, line 773]
Event: 29.948 Thread 0x000001e7a2eea800 Exception <a 'java/lang/NoSuchMethodError'{0x0000000086fba4e8}: 'int java.lang.invoke.DirectMethodHandle$Holder.invokeStatic(java.lang.Object, int, java.lang.Object, java.lang.Object)'> (0x0000000086fba4e8) thrown at [./src/hotspot/share/interpreter/linkResolver.cpp, line 773]
Event: 32.026 Thread 0x000001e7a3170800 Exception <a 'sun/nio/fs/WindowsException'{0x000000008699f0b8}> (0x000000008699f0b8) thrown at [./src/hotspot/share/prims/jni.cpp, line 615]
Event: 32.136 Thread 0x000001e7a3170800 Exception <a 'sun/nio/fs/WindowsException'{0x0000000086827ba8}> (0x0000000086827ba8) thrown at [./src/hotspot/share/prims/jni.cpp, line 615]
Event: 32.137 Thread 0x000001e7a3170800 Exception <a 'sun/nio/fs/WindowsException'{0x0000000086827d70}> (0x0000000086827d70) thrown at [./src/hotspot/share/prims/jni.cpp, line 615]
Event: 32.279 Thread 0x000001e7a2eea800 Exception <a 'java/lang/ClassNotFoundException'{0x000000008687ad20}: ijinit3_e9m3rkha9w1z2axfkiwwo7047BeanInfo> (0x000000008687ad20) thrown at [./src/hotspot/share/classfile/systemDictionary.cpp, line 231]
Event: 32.279 Thread 0x000001e7a2eea800 Exception <a 'java/lang/ClassNotFoundException'{0x0000000086886450}: ijinit3_e9m3rkha9w1z2axfkiwwo7047Customizer> (0x0000000086886450) thrown at [./src/hotspot/share/classfile/systemDictionary.cpp, line 231]
Event: 32.964 Thread 0x000001e7a2eea800 Implicit null exception at 0x000001e792069cb2 to 0x000001e79206aab4

Events (20 events):
Event: 34.221 loading class org/gradle/groovy/scripts/internal/StatementReplacingVisitorSupport
Event: 34.221 loading class org/gradle/groovy/scripts/internal/StatementReplacingVisitorSupport done
Event: 34.222 loading class org/gradle/model/internal/core/ModelPath$InvalidPathException
Event: 34.222 loading class org/gradle/model/internal/core/ModelPath$InvalidPathException done
Event: 34.240 loading class org/gradle/model/dsl/internal/inputs/PotentialInputs
Event: 34.240 loading class org/gradle/model/dsl/internal/inputs/PotentialInputs done
Event: 34.240 loading class org/gradle/model/dsl/internal/transform/TransformedClosure
Event: 34.240 loading class org/gradle/model/dsl/internal/transform/TransformedClosure done
Event: 34.241 loading class org/gradle/model/dsl/internal/transform/InputReferences
Event: 34.241 loading class org/gradle/model/dsl/internal/transform/InputReferences done
Event: 34.241 loading class org/gradle/model/dsl/internal/transform/SourceLocation
Event: 34.241 loading class org/gradle/model/dsl/internal/transform/SourceLocation done
Event: 34.241 loading class org/gradle/model/dsl/internal/transform/ClosureBackedRuleFactory
Event: 34.241 loading class org/gradle/model/dsl/internal/transform/ClosureBackedRuleFactory done
Event: 34.253 loading class org/codehaus/groovy/ast/tools/PropertyNodeUtils
Event: 34.253 loading class org/codehaus/groovy/ast/tools/PropertyNodeUtils done
Event: 34.254 loading class org/codehaus/groovy/classgen/FinalVariableAnalyzer$1
Event: 34.254 loading class org/codehaus/groovy/classgen/FinalVariableAnalyzer$1 done
Event: 34.265 loading class org/gradle/api/ProjectEvaluationListener
Event: 34.265 loading class org/gradle/api/ProjectEvaluationListener done


Dynamic libraries:
0x00007ff71fa40000 - 0x00007ff71fa4a000 	C:\Program Files\Android\Android Studio\jre\bin\java.exe
0x00007ff87d650000 - 0x00007ff87d845000 	C:\WINDOWS\SYSTEM32\ntdll.dll
0x00007ff87b940000 - 0x00007ff87b9fe000 	C:\WINDOWS\System32\KERNEL32.DLL
0x00007ff87ad60000 - 0x00007ff87b028000 	C:\WINDOWS\System32\KERNELBASE.dll
0x00007ff87b3f0000 - 0x00007ff87b4f0000 	C:\WINDOWS\System32\ucrtbase.dll
0x00007ff86af00000 - 0x00007ff86af19000 	C:\Program Files\Android\Android Studio\jre\bin\jli.dll
0x00007ff87d470000 - 0x00007ff87d610000 	C:\WINDOWS\System32\USER32.dll
0x00007ff87b0e0000 - 0x00007ff87b102000 	C:\WINDOWS\System32\win32u.dll
0x00007ff87b910000 - 0x00007ff87b93b000 	C:\WINDOWS\System32\GDI32.dll
0x00007ff87b560000 - 0x00007ff87b66d000 	C:\WINDOWS\System32\gdi32full.dll
0x00007ff87b300000 - 0x00007ff87b39d000 	C:\WINDOWS\System32\msvcp_win.dll
0x00007ff86af20000 - 0x00007ff86af37000 	C:\Program Files\Android\Android Studio\jre\bin\VCRUNTIME140.dll
0x00007ff86b970000 - 0x00007ff86bc0a000 	C:\WINDOWS\WinSxS\amd64_microsoft.windows.common-controls_6595b64144ccf1df_6.0.19041.1110_none_60b5254171f9507e\COMCTL32.dll
0x00007ff87cc80000 - 0x00007ff87cd1e000 	C:\WINDOWS\System32\msvcrt.dll
0x00007ff87cc50000 - 0x00007ff87cc80000 	C:\WINDOWS\System32\IMM32.DLL
0x00007ff854080000 - 0x00007ff85411d000 	C:\Program Files\Android\Android Studio\jre\bin\msvcp140.dll
0x00007ff830e90000 - 0x00007ff83195f000 	C:\Program Files\Android\Android Studio\jre\bin\server\jvm.dll
0x00007ff87b860000 - 0x00007ff87b90e000 	C:\WINDOWS\System32\ADVAPI32.dll
0x00007ff87ba00000 - 0x00007ff87ba9c000 	C:\WINDOWS\System32\sechost.dll
0x00007ff87c320000 - 0x00007ff87c445000 	C:\WINDOWS\System32\RPCRT4.dll
0x00007ff87cc40000 - 0x00007ff87cc48000 	C:\WINDOWS\System32\PSAPI.DLL
0x00007ff878bd0000 - 0x00007ff878bd9000 	C:\WINDOWS\SYSTEM32\WSOCK32.dll
0x00007ff87d3a0000 - 0x00007ff87d40b000 	C:\WINDOWS\System32\WS2_32.dll
0x00007ff86e310000 - 0x00007ff86e337000 	C:\WINDOWS\SYSTEM32\WINMM.dll
0x00007ff86e650000 - 0x00007ff86e65a000 	C:\WINDOWS\SYSTEM32\VERSION.dll
0x00007ff878ce0000 - 0x00007ff878cf2000 	C:\WINDOWS\SYSTEM32\kernel.appcore.dll
0x00007ff86af40000 - 0x00007ff86af51000 	C:\Program Files\Android\Android Studio\jre\bin\verify.dll
0x00007ff8789c0000 - 0x00007ff878ba4000 	C:\WINDOWS\SYSTEM32\DBGHELP.DLL
0x00007ff865740000 - 0x00007ff86576c000 	C:\WINDOWS\SYSTEM32\dbgcore.DLL
0x00007ff87b110000 - 0x00007ff87b192000 	C:\WINDOWS\System32\bcryptPrimitives.dll
0x00007ff868c20000 - 0x00007ff868c49000 	C:\Program Files\Android\Android Studio\jre\bin\java.dll
0x00007ff873220000 - 0x00007ff87322b000 	C:\Program Files\Android\Android Studio\jre\bin\jimage.dll
0x00007ff868b70000 - 0x00007ff868b88000 	C:\Program Files\Android\Android Studio\jre\bin\zip.dll
0x00007ff87bbd0000 - 0x00007ff87c314000 	C:\WINDOWS\System32\SHELL32.dll
0x00007ff878e50000 - 0x00007ff8795e4000 	C:\WINDOWS\SYSTEM32\windows.storage.dll
0x00007ff87cf50000 - 0x00007ff87d2a5000 	C:\WINDOWS\System32\combase.dll
0x00007ff87a7b0000 - 0x00007ff87a7de000 	C:\WINDOWS\SYSTEM32\Wldp.dll
0x00007ff87c500000 - 0x00007ff87c5ad000 	C:\WINDOWS\System32\SHCORE.dll
0x00007ff87baa0000 - 0x00007ff87baf5000 	C:\WINDOWS\System32\shlwapi.dll
0x00007ff87aca0000 - 0x00007ff87acbf000 	C:\WINDOWS\SYSTEM32\profapi.dll
0x00007ff868b50000 - 0x00007ff868b6a000 	C:\Program Files\Android\Android Studio\jre\bin\net.dll
0x00007ff870fd0000 - 0x00007ff8710dc000 	C:\WINDOWS\SYSTEM32\WINHTTP.dll
0x00007ff87a510000 - 0x00007ff87a57a000 	C:\WINDOWS\system32\mswsock.dll
0x00007ff868b00000 - 0x00007ff868b14000 	C:\Program Files\Android\Android Studio\jre\bin\nio.dll
0x00007ff86aed0000 - 0x00007ff86aef7000 	C:\Program Files\Android\Android Studio\jre\native\8bec1ad78214c89d9ad589b4d07fe93259594b29d510b10fafb7a158f7737e5d\windows-amd64\native-platform.dll
0x00007ff84fce0000 - 0x00007ff84fe1d000 	C:\Program Files\Android\Android Studio\jre\native\53dbd7edfb1c66fb8903c78663c9afc45aea4f116125fa6feffd364cf09443e8\windows-amd64\native-platform-file-events.dll
0x00007ff871490000 - 0x00007ff87149a000 	C:\Program Files\Android\Android Studio\jre\bin\management.dll
0x00007ff86c3c0000 - 0x00007ff86c3cc000 	C:\Program Files\Android\Android Studio\jre\bin\management_ext.dll
0x00007ff87a700000 - 0x00007ff87a718000 	C:\WINDOWS\SYSTEM32\CRYPTSP.dll
0x00007ff879e20000 - 0x00007ff879e54000 	C:\WINDOWS\system32\rsaenh.dll
0x00007ff87b670000 - 0x00007ff87b697000 	C:\WINDOWS\System32\bcrypt.dll
0x00007ff87ac20000 - 0x00007ff87ac4e000 	C:\WINDOWS\SYSTEM32\USERENV.dll
0x00007ff87a720000 - 0x00007ff87a72c000 	C:\WINDOWS\SYSTEM32\CRYPTBASE.dll
0x00007ff87a1b0000 - 0x00007ff87a1eb000 	C:\WINDOWS\SYSTEM32\IPHLPAPI.DLL
0x00007ff87d390000 - 0x00007ff87d398000 	C:\WINDOWS\System32\NSI.dll
0x00007ff86f0a0000 - 0x00007ff86f0b7000 	C:\WINDOWS\SYSTEM32\dhcpcsvc6.DLL
0x00007ff86f080000 - 0x00007ff86f09d000 	C:\WINDOWS\SYSTEM32\dhcpcsvc.DLL
0x00007ff87a200000 - 0x00007ff87a2cb000 	C:\WINDOWS\SYSTEM32\DNSAPI.dll

dbghelp: loaded successfully - version: 4.0.5 - missing functions: none
symbol engine: initialized successfully - sym options: 0x614 - pdb path: .;C:\Program Files\Android\Android Studio\jre\bin;C:\WINDOWS\SYSTEM32;C:\WINDOWS\WinSxS\amd64_microsoft.windows.common-controls_6595b64144ccf1df_6.0.19041.1110_none_60b5254171f9507e;C:\Program Files\Android\Android Studio\jre\bin\server;C:\Program Files\Android\Android Studio\jre\native\8bec1ad78214c89d9ad589b4d07fe93259594b29d510b10fafb7a158f7737e5d\windows-amd64;C:\Program Files\Android\Android Studio\jre\native\53dbd7edfb1c66fb8903c78663c9afc45aea4f116125fa6feffd364cf09443e8\windows-amd64

VM Arguments:
jvm_args: --add-opens=java.base/java.util=ALL-UNNAMED --add-opens=java.base/java.lang=ALL-UNNAMED --add-opens=java.base/java.lang.invoke=ALL-UNNAMED --add-opens=java.base/java.util=ALL-UNNAMED --add-opens=java.prefs/java.util.prefs=ALL-UNNAMED --add-opens=java.prefs/java.util.prefs=ALL-UNNAMED --add-opens=java.base/java.nio.charset=ALL-UNNAMED --add-opens=java.base/java.net=ALL-UNNAMED --add-opens=java.base/java.util.concurrent.atomic=ALL-UNNAMED -Xmx2048m -Dfile.encoding=UTF-8 -Duser.country=US -Duser.language=en -Duser.variant 
java_command: org.gradle.launcher.daemon.bootstrap.GradleDaemon 7.0.2
java_class_path (initial): C:\Program Files\Android\Android Studio\jre\wrapper\dists\gradle-7.0.2-bin\857tjihv64xamwrf0h14cai3r\gradle-7.0.2\lib\gradle-launcher-7.0.2.jar
Launcher Type: SUN_STANDARD

[Global flags]
     intx CICompilerCount                          = 3                                         {product} {ergonomic}
     uint ConcGCThreads                            = 1                                         {product} {ergonomic}
     uint G1ConcRefinementThreads                  = 4                                         {product} {ergonomic}
   size_t G1HeapRegionSize                         = 1048576                                   {product} {ergonomic}
    uintx GCDrainStackTargetSize                   = 64                                        {product} {ergonomic}
   size_t InitialHeapSize                          = 134217728                                 {product} {ergonomic}
   size_t MarkStackSize                            = 4194304                                   {product} {ergonomic}
   size_t MaxHeapSize                              = 2147483648                                {product} {command line}
   size_t MaxNewSize                               = 1287651328                                {product} {ergonomic}
   size_t MinHeapDeltaBytes                        = 1048576                                   {product} {ergonomic}
    uintx NonNMethodCodeHeapSize                   = 5830732                                {pd product} {ergonomic}
    uintx NonProfiledCodeHeapSize                  = 122913754                              {pd product} {ergonomic}
    uintx ProfiledCodeHeapSize                     = 122913754                              {pd product} {ergonomic}
    uintx ReservedCodeCacheSize                    = 251658240                              {pd product} {ergonomic}
     bool SegmentedCodeCache                       = true                                      {product} {ergonomic}
     bool UseCompressedClassPointers               = true                                 {lp64_product} {ergonomic}
     bool UseCompressedOops                        = true                                 {lp64_product} {ergonomic}
     bool UseG1GC                                  = true                                      {product} {ergonomic}
     bool UseLargePagesIndividualAllocation        = false                                  {pd product} {ergonomic}

Logging:
Log output configuration:
 #0: stdout all=warning uptime,level,tags
 #1: stderr all=off uptime,level,tags

Environment Variables:
JAVA_HOME=C:\\Program Files (x86)\\Java\\jdk1.8.0_202\\
CLASSPATH=.;
PATH=C:\Program Files\Eclipse Adoptium\jdk-11.0.13.8-hotspot\bin;C:\Program Files (x86)\Common Files\Oracle\Java\javapath;C:\Program Files (x86)\Common Files\Intel\Shared Libraries\redist\intel64\compiler;C:\ProgramData\Oracle\Java\javapath;C:\WINDOWS\system32;C:\WINDOWS;C:\WINDOWS\System32\Wbem;C:\WINDOWS\System32\WindowsPowerShell\v1.0\;C:\Program Files (x86)\NVIDIA Corporation\PhysX\Common;C:\Program Files\Intel\WiFi\bin\;C:\Program Files\Common Files\Intel\WirelessCommon\;C:\WINDOWS\system32;C:\WINDOWS;C:\WINDOWS\System32\Wbem;C:\WINDOWS\System32\WindowsPowerShell\v1.0\;C:\WINDOWS\System32\OpenSSH\;c:\altera\91\quartus\bin;C:\ProgramData\chocolatey\bin;C:\Program Files\Java\jdk1.8.0_211\bin;C:\Program Files\Git\cmd;C:\Program Files\nodejs\;C:\\Program Files (x86)\\Java\\jdk1.8.0_202\\\bin;C:\Program Files\apache-tomcat-10.0.8\bin;C:\Ruby26-x64\bin;C:\Users\Elysian\AppData\Local\Microsoft\WindowsApps;C:\Users\Elysian\AppData\Local\Programs\Microsoft VS Code\bin;C:\Program Files\JetBrains\IntelliJ IDEA Community Edition 2019.3.3\bin;C:\Users\Elysian\AppData\Local\Programs\MiKTeX\miktex\bin\x64\;C:\Exercism;C:\Users\Elysian\Documents\flutter\bin;C:\Users\Elysian\AppData\Local\Packages\PythonSoftwareFoundation.Python.3.9_qbz5n2kfra8p0\LocalCache\local-packages\Python39\Scripts;C:\Program Files\heroku\bin;C:\xampp\htdocs\irrigation\bin;C:\Users\Elysian\AppData\Roaming\npm
USERNAME=Elysian
OS=Windows_NT
PROCESSOR_IDENTIFIER=Intel64 Family 6 Model 58 Stepping 9, GenuineIntel



---------------  S Y S T E M  ---------------

OS: Windows 10 , 64 bit Build 19041 (10.0.19041.1503)
OS uptime: 0 days 5:32 hours

CPU:total 4 (initial active 4) (2 cores per cpu, 2 threads per core) family 6 model 58 stepping 9 microcode 0x21, cmov, cx8, fxsr, mmx, sse, sse2, sse3, ssse3, sse4.1, sse4.2, popcnt, avx, aes, clmul, erms, ht, tsc, tscinvbit, tscinv

Memory: 4k page, system-wide physical 8077M (333M free)
TotalPageFile size 15245M (AvailPageFile size 3509M)
current process WorkingSet (physical memory assigned to process): 266M, peak: 266M
current process commit charge ("private bytes"): 309M, peak: 309M

vm_info: OpenJDK 64-Bit Server VM (11.0.10+0-b96-7249189) for windows-amd64 JRE (11.0.10+0-b96-7249189), built on Mar 31 2021 21:44:00 by "builder" with MS VC++ 14.0 (VS2015)

END.
